Using pre-set license
Built from '2020.3/staging' branch; Version is '2020.3.25f1 (9b9180224418) revision 10195328'; Using compiler version '192528614'; Build Type 'Release'
OS: 'Windows 10  (10.0.19043) 64bit Core' Language: 'es' Physical Memory: 16269 MB
BatchMode: 1, IsHumanControllingUs: 0, StartBugReporterOnCrash: 0, Is64bit: 1, IsPro: 0

COMMAND LINE ARGUMENTS:
F:\Unity Hub\2020.3.25f1\Editor\Unity.exe
-adb2
-batchMode
-noUpm
-name
AssetImportWorker0
-projectPath
F:/Mamen/2DAM/Proyecto 2Trimestre Unity/ProyectoUnity-Plucky-/Plucky!
-logFile
Logs/AssetImportWorker0.log
-srvPort
63201
Successfully changed project path to: F:/Mamen/2DAM/Proyecto 2Trimestre Unity/ProyectoUnity-Plucky-/Plucky!
F:/Mamen/2DAM/Proyecto 2Trimestre Unity/ProyectoUnity-Plucky-/Plucky!
Using Asset Import Pipeline V2.
Refreshing native plugins compatible for Editor in 62.12 ms, found 3 plugins.
Preloading 0 native plugins for Editor in 0.00 ms.
Initialize engine version: 2020.3.25f1 (9b9180224418)
[Subsystems] Discovering subsystems at path F:/Unity Hub/2020.3.25f1/Editor/Data/Resources/UnitySubsystems
[Subsystems] Discovering subsystems at path F:/Mamen/2DAM/Proyecto 2Trimestre Unity/ProyectoUnity-Plucky-/Plucky!/Assets
GfxDevice: creating device client; threaded=0
Direct3D:
    Version:  Direct3D 11.0 [level 11.1]
    Renderer: NVIDIA GeForce GTX 1050 Ti (ID=0x1c8c)
    Vendor:   
    VRAM:     4021 MB
    Driver:   30.0.14.9729
Initialize mono
Mono path[0] = 'F:/Unity Hub/2020.3.25f1/Editor/Data/Managed'
Mono path[1] = 'F:/Unity Hub/2020.3.25f1/Editor/Data/MonoBleedingEdge/lib/mono/unityjit'
Mono config path = 'F:/Unity Hub/2020.3.25f1/Editor/Data/MonoBleedingEdge/etc'
Using monoOptions --debugger-agent=transport=dt_socket,embedding=1,server=y,suspend=n,address=127.0.0.1:56508
Begin MonoManager ReloadAssembly
Registering precompiled unity dll's ...
Register platform support module: F:/Unity Hub/2020.3.25f1/Editor/Data/PlaybackEngines/WebGLSupport/UnityEditor.WebGL.Extensions.dll
Register platform support module: F:/Unity Hub/2020.3.25f1/Editor/Data/PlaybackEngines/WindowsStandaloneSupport/UnityEditor.WindowsStandalone.Extensions.dll
Registered in 0.002017 seconds.
Native extension for WindowsStandalone target not found
Native extension for WebGL target not found
Refreshing native plugins compatible for Editor in 87.81 ms, found 3 plugins.
Preloading 0 native plugins for Editor in 0.00 ms.
Mono: successfully reloaded assembly
- Completed reload, in  0.882 seconds
Domain Reload Profiling:
	ReloadAssembly (882ms)
		BeginReloadAssembly (83ms)
			ExecutionOrderSort (0ms)
			DisableScriptedObjects (0ms)
			BackupInstance (0ms)
			ReleaseScriptingObjects (0ms)
			CreateAndSetChildDomain (1ms)
		EndReloadAssembly (705ms)
			LoadAssemblies (84ms)
			RebuildTransferFunctionScriptingTraits (0ms)
			SetupTypeCache (250ms)
			ReleaseScriptCaches (0ms)
			RebuildScriptCaches (45ms)
			SetupLoadedEditorAssemblies (294ms)
				LogAssemblyErrors (0ms)
				InitializePlatformSupportModulesInManaged (9ms)
				SetLoadedEditorAssemblies (0ms)
				RefreshPlugins (88ms)
				BeforeProcessingInitializeOnLoad (25ms)
				ProcessInitializeOnLoadAttributes (109ms)
				ProcessInitializeOnLoadMethodAttributes (62ms)
				AfterProcessingInitializeOnLoad (0ms)
				EditorAssembliesLoaded (0ms)
			ExecutionOrderSort2 (0ms)
			AwakeInstancesAfterBackupRestoration (0ms)
Platform modules already initialized, skipping
Registering precompiled user dll's ...
Registered in 0.007745 seconds.
Begin MonoManager ReloadAssembly
Native extension for WindowsStandalone target not found
Native extension for WebGL target not found
Refreshing native plugins compatible for Editor in 51.34 ms, found 3 plugins.
Preloading 0 native plugins for Editor in 0.00 ms.
Mono: successfully reloaded assembly
- Completed reload, in  1.314 seconds
Domain Reload Profiling:
	ReloadAssembly (1316ms)
		BeginReloadAssembly (182ms)
			ExecutionOrderSort (0ms)
			DisableScriptedObjects (5ms)
			BackupInstance (0ms)
			ReleaseScriptingObjects (0ms)
			CreateAndSetChildDomain (21ms)
		EndReloadAssembly (1069ms)
			LoadAssemblies (135ms)
			RebuildTransferFunctionScriptingTraits (0ms)
			SetupTypeCache (367ms)
			ReleaseScriptCaches (0ms)
			RebuildScriptCaches (54ms)
			SetupLoadedEditorAssemblies (398ms)
				LogAssemblyErrors (0ms)
				InitializePlatformSupportModulesInManaged (6ms)
				SetLoadedEditorAssemblies (0ms)
				RefreshPlugins (51ms)
				BeforeProcessingInitializeOnLoad (83ms)
				ProcessInitializeOnLoadAttributes (233ms)
				ProcessInitializeOnLoadMethodAttributes (22ms)
				AfterProcessingInitializeOnLoad (3ms)
				EditorAssembliesLoaded (0ms)
			ExecutionOrderSort2 (0ms)
			AwakeInstancesAfterBackupRestoration (8ms)
Platform modules already initialized, skipping
========================================================================
Worker process is ready to serve import requests
Launched and connected shader compiler UnityShaderCompiler.exe after 0.08 seconds
Refreshing native plugins compatible for Editor in 0.51 ms, found 3 plugins.
Preloading 0 native plugins for Editor in 0.00 ms.
Unloading 2194 Unused Serialized files (Serialized files now loaded: 0)
System memory in use before: 95.8 MB.
System memory in use after: 95.9 MB.

Unloading 28 unused Assets to reduce memory usage. Loaded Objects now: 2627.
Total: 3.809400 ms (FindLiveObjects: 0.270300 ms CreateObjectMapping: 0.098800 ms MarkObjects: 3.259300 ms  DeleteObjects: 0.179600 ms)

AssetImportParameters requested are different than current active one (requested -> active):
  custom:framework-win-MediaFoundation: 216162199b28c13a410421893ffa2e32 -> 
  custom:video-decoder-ogg-theora: a1e56fd34408186e4bbccfd4996cb3dc -> 
  custom:container-muxer-webm: aa71ff27fc2769a1b78a27578f13a17b -> 
  custom:container-demuxer-webm: 4f35f7cbe854078d1ac9338744f61a02 -> 
  custom:container-demuxer-ogg: 62fdf1f143b41e24485cea50d1cbac27 -> 
  custom:video-encoder-webm-vp8: eb34c28f22e8b96e1ab97ce403110664 -> 
  custom:video-decoder-webm-vp8: 9c59270c3fd7afecdb556c50c9e8de78 -> 
  custom:audio-decoder-ogg-vorbis: bf7c407c2cedff20999df2af8eb42d56 -> 
  custom:audio-encoder-webm-vorbis: bf7c407c2cedff20999df2af8eb42d56 -> 
========================================================================
Received Import Request.
  path: Assets/Scenes/SampleScene.unity
  artifactKey: Guid(2cda990e2423bbf4892e6590ba056729) Importer(815301076,1909f56bfc062723c751e8b465ee728b)
Start importing Assets/Scenes/SampleScene.unity using Guid(2cda990e2423bbf4892e6590ba056729) Importer(815301076,1909f56bfc062723c751e8b465ee728b)  -> (artifact id: 'aa27944bdea339c97c39027c7eea529c') in 0.018873 seconds 
  Import took 0.023186 seconds .

========================================================================
Received Import Request.
  Time since last request: 0.000313 seconds.
  path: Assets/Scenes
  artifactKey: Guid(e772815319eab314e930992eb1d06032) Importer(815301076,1909f56bfc062723c751e8b465ee728b)
Start importing Assets/Scenes using Guid(e772815319eab314e930992eb1d06032) Importer(815301076,1909f56bfc062723c751e8b465ee728b)  -> (artifact id: '39dd03a2ab839622adac9111057210c6') in 0.003879 seconds 
  Import took 0.007458 seconds .

========================================================================
Received Import Request.
  Time since last request: 5.169147 seconds.
  path: Assets
  artifactKey: Guid(00000000000000001000000000000000) Importer(815301076,1909f56bfc062723c751e8b465ee728b)
Start importing Assets using Guid(00000000000000001000000000000000) Importer(815301076,1909f56bfc062723c751e8b465ee728b)  -> (artifact id: '42d402b061de3733987d63b9cc3b64de') in 0.039122 seconds 
  Import took 0.043928 seconds .

========================================================================
Received Import Request.
  Time since last request: 572.365411 seconds.
  path: Assets/Plucky
  artifactKey: Guid(9fb5dec9501d7ec4bbb263fe7325ef79) Importer(815301076,1909f56bfc062723c751e8b465ee728b)
Start importing Assets/Plucky using Guid(9fb5dec9501d7ec4bbb263fe7325ef79) Importer(815301076,1909f56bfc062723c751e8b465ee728b)  -> (artifact id: '039d2887ec318fbf8a5658dba04bf108') in 0.003198 seconds 
  Import took 0.008594 seconds .

========================================================================
Received Import Request.
  Time since last request: 495.840477 seconds.
  path: Assets/Plucky/ChikBoy_attack_1.png
  artifactKey: Guid(d51cdf1ffebe92441be178b6049e320f) Importer(815301076,1909f56bfc062723c751e8b465ee728b)
Start importing Assets/Plucky/ChikBoy_attack_1.png using Guid(d51cdf1ffebe92441be178b6049e320f) Importer(815301076,1909f56bfc062723c751e8b465ee728b)  -> (artifact id: 'cdfb62f581d967dec3961232dbafbfce') in 0.174098 seconds 
  Import took 0.178037 seconds .

========================================================================
Received Import Request.
  Time since last request: 23.276564 seconds.
  path: Assets/Plucky/ChikBoy_attack_2.png
  artifactKey: Guid(441ea87bca7729a44a64c3aa54b3410f) Importer(815301076,1909f56bfc062723c751e8b465ee728b)
Start importing Assets/Plucky/ChikBoy_attack_2.png using Guid(441ea87bca7729a44a64c3aa54b3410f) Importer(815301076,1909f56bfc062723c751e8b465ee728b)  -> (artifact id: 'f8e96102935e18d3b8f5b3b3d8fc6cb4') in 0.018985 seconds 
  Import took 0.024691 seconds .

========================================================================
Received Import Request.
  Time since last request: 0.000463 seconds.
  path: Assets/Plucky/ChikBoy_crouch_walk.png
  artifactKey: Guid(c6386786b8b81e348847f35312de430e) Importer(815301076,1909f56bfc062723c751e8b465ee728b)
Start importing Assets/Plucky/ChikBoy_crouch_walk.png using Guid(c6386786b8b81e348847f35312de430e) Importer(815301076,1909f56bfc062723c751e8b465ee728b)  -> (artifact id: 'e62206ed1c19f8ada78d83b983a7fa31') in 0.020732 seconds 
  Import took 0.025064 seconds .

========================================================================
Received Import Request.
  Time since last request: 0.000434 seconds.
  path: Assets/Plucky/ChikBoy_double_jump.png
  artifactKey: Guid(50f359d511e6e104a8593b8aef58404b) Importer(815301076,1909f56bfc062723c751e8b465ee728b)
Start importing Assets/Plucky/ChikBoy_double_jump.png using Guid(50f359d511e6e104a8593b8aef58404b) Importer(815301076,1909f56bfc062723c751e8b465ee728b)  -> (artifact id: '8a063b4f7dd6190af481017dae6f8485') in 0.016917 seconds 
  Import took 0.023082 seconds .

========================================================================
Received Import Request.
  Time since last request: 0.000406 seconds.
  path: Assets/Plucky/ChikBoy_attack_3.png
  artifactKey: Guid(2e77acbfd10b2a64b924a215995dbcd9) Importer(815301076,1909f56bfc062723c751e8b465ee728b)
Start importing Assets/Plucky/ChikBoy_attack_3.png using Guid(2e77acbfd10b2a64b924a215995dbcd9) Importer(815301076,1909f56bfc062723c751e8b465ee728b)  -> (artifact id: 'd05d403ee355ee50792a58b4243626e7') in 0.017040 seconds 
  Import took 0.021559 seconds .

========================================================================
Received Import Request.
  Time since last request: 0.000523 seconds.
  path: Assets/Plucky/ChikBoy_floor_slide.png
  artifactKey: Guid(2ff0e88d91b171540b26dd5997977075) Importer(815301076,1909f56bfc062723c751e8b465ee728b)
Start importing Assets/Plucky/ChikBoy_floor_slide.png using Guid(2ff0e88d91b171540b26dd5997977075) Importer(815301076,1909f56bfc062723c751e8b465ee728b)  -> (artifact id: 'd8631bec9bd37ad5d6f7a4c35a65274e') in 0.015937 seconds 
  Import took 0.020249 seconds .

========================================================================
Received Import Request.
  Time since last request: 0.000367 seconds.
  path: Assets/Plucky/ChikBoy_death_2.png
  artifactKey: Guid(b0cf639a3315df242bac864b6301a7e2) Importer(815301076,1909f56bfc062723c751e8b465ee728b)
Start importing Assets/Plucky/ChikBoy_death_2.png using Guid(b0cf639a3315df242bac864b6301a7e2) Importer(815301076,1909f56bfc062723c751e8b465ee728b)  -> (artifact id: 'f427611c5cfbdfe59b68cb1ee41ce27f') in 0.016291 seconds 
  Import took 0.021291 seconds .

========================================================================
Received Import Request.
  Time since last request: 0.000524 seconds.
  path: Assets/Plucky/ChikBoy_idle.png
  artifactKey: Guid(bf2e97454517cb94aae6095a0a427c41) Importer(815301076,1909f56bfc062723c751e8b465ee728b)
Start importing Assets/Plucky/ChikBoy_idle.png using Guid(bf2e97454517cb94aae6095a0a427c41) Importer(815301076,1909f56bfc062723c751e8b465ee728b)  -> (artifact id: '80707d503f56bcec70004ad3732ebaa9') in 0.015617 seconds 
  Import took 0.020290 seconds .

========================================================================
Received Import Request.
  Time since last request: 0.000453 seconds.
  path: Assets/Plucky/ChikBoy_crouch_idle.png
  artifactKey: Guid(6cacc3cec748d11459714eb2f37cc440) Importer(815301076,1909f56bfc062723c751e8b465ee728b)
Start importing Assets/Plucky/ChikBoy_crouch_idle.png using Guid(6cacc3cec748d11459714eb2f37cc440) Importer(815301076,1909f56bfc062723c751e8b465ee728b)  -> (artifact id: '0fd7266a880111e7d377ee0a512aaf52') in 0.017967 seconds 
  Import took 0.022900 seconds .

========================================================================
Received Import Request.
  Time since last request: 0.000386 seconds.
  path: Assets/Plucky/ChikBoy_wall_grab.png
  artifactKey: Guid(6d04253cb56c1f146b580599f872238d) Importer(815301076,1909f56bfc062723c751e8b465ee728b)
Start importing Assets/Plucky/ChikBoy_wall_grab.png using Guid(6d04253cb56c1f146b580599f872238d) Importer(815301076,1909f56bfc062723c751e8b465ee728b)  -> (artifact id: '37a6f0011b9caa6eaaa2ece9e2e9d4bd') in 0.013699 seconds 
  Import took 0.019204 seconds .

========================================================================
Received Import Request.
  Time since last request: 0.000320 seconds.
  path: Assets/Plucky/ChikBoy_take_damage.png
  artifactKey: Guid(7b2c03c38c98548428ec91aacf9d0a4d) Importer(815301076,1909f56bfc062723c751e8b465ee728b)
Start importing Assets/Plucky/ChikBoy_take_damage.png using Guid(7b2c03c38c98548428ec91aacf9d0a4d) Importer(815301076,1909f56bfc062723c751e8b465ee728b)  -> (artifact id: '0c552538f6cbc729d17f1133e43a16c2') in 0.016181 seconds 
  Import took 0.021714 seconds .

========================================================================
Received Import Request.
  Time since last request: 0.000310 seconds.
  path: Assets/Plucky/ChikBoy_dash.png
  artifactKey: Guid(b2a13413fec9d4a458a2d65cbaa7f96b) Importer(815301076,1909f56bfc062723c751e8b465ee728b)
Start importing Assets/Plucky/ChikBoy_dash.png using Guid(b2a13413fec9d4a458a2d65cbaa7f96b) Importer(815301076,1909f56bfc062723c751e8b465ee728b)  -> (artifact id: 'cc332550e71158fd80fae899daa23df1') in 0.013159 seconds 
  Import took 0.017412 seconds .

========================================================================
Received Import Request.
  Time since last request: 0.000358 seconds.
  path: Assets/Plucky/ChikBoy_run.png
  artifactKey: Guid(04a5419b9d81ae74bb23a6aee84c2fec) Importer(815301076,1909f56bfc062723c751e8b465ee728b)
Start importing Assets/Plucky/ChikBoy_run.png using Guid(04a5419b9d81ae74bb23a6aee84c2fec) Importer(815301076,1909f56bfc062723c751e8b465ee728b)  -> (artifact id: '70c6397f8ae80c07c125f96a15018213') in 0.014660 seconds 
  Import took 0.018674 seconds .

========================================================================
Received Import Request.
  Time since last request: 0.000316 seconds.
  path: Assets/Plucky/ChikBoy_ducking.png
  artifactKey: Guid(49027a43827537f4eb4b6d01a6770850) Importer(815301076,1909f56bfc062723c751e8b465ee728b)
Start importing Assets/Plucky/ChikBoy_ducking.png using Guid(49027a43827537f4eb4b6d01a6770850) Importer(815301076,1909f56bfc062723c751e8b465ee728b)  -> (artifact id: '7b8fce933e9687f28f42068d191f61ea') in 0.073896 seconds 
  Import took 0.078361 seconds .

========================================================================
Received Import Request.
  Time since last request: 0.000310 seconds.
  path: Assets/Plucky/ChikBoy_jump.png
  artifactKey: Guid(4b35525d26420dc4586e95f050fa5fb5) Importer(815301076,1909f56bfc062723c751e8b465ee728b)
Start importing Assets/Plucky/ChikBoy_jump.png using Guid(4b35525d26420dc4586e95f050fa5fb5) Importer(815301076,1909f56bfc062723c751e8b465ee728b)  -> (artifact id: '1d4804c8cde40c1775c4906fa35860de') in 0.015288 seconds 
  Import took 0.018995 seconds .

========================================================================
Received Import Request.
  Time since last request: 0.000413 seconds.
  path: Assets/Plucky/ChikBoy_idle_bonus.png
  artifactKey: Guid(f91bd36b1931d5446808578685e17ab2) Importer(815301076,1909f56bfc062723c751e8b465ee728b)
Start importing Assets/Plucky/ChikBoy_idle_bonus.png using Guid(f91bd36b1931d5446808578685e17ab2) Importer(815301076,1909f56bfc062723c751e8b465ee728b)  -> (artifact id: '38b06718339bfd9b2a03be8a197e7505') in 0.017693 seconds 
  Import took 0.022795 seconds .

========================================================================
Received Import Request.
  Time since last request: 0.000450 seconds.
  path: Assets/Plucky/ChikBoy_wall_slide.png
  artifactKey: Guid(2afab8a138e3334469fe6b346abc2ac2) Importer(815301076,1909f56bfc062723c751e8b465ee728b)
Start importing Assets/Plucky/ChikBoy_wall_slide.png using Guid(2afab8a138e3334469fe6b346abc2ac2) Importer(815301076,1909f56bfc062723c751e8b465ee728b)  -> (artifact id: '0e5cab842ae60b2c9f1c7978e9b3ce98') in 0.015662 seconds 
  Import took 0.020415 seconds .

========================================================================
Received Import Request.
  Time since last request: 0.000415 seconds.
  path: Assets/Plucky/ChikBoy_death_1.png
  artifactKey: Guid(705393414ba972247aaf7378806c887d) Importer(815301076,1909f56bfc062723c751e8b465ee728b)
Start importing Assets/Plucky/ChikBoy_death_1.png using Guid(705393414ba972247aaf7378806c887d) Importer(815301076,1909f56bfc062723c751e8b465ee728b)  -> (artifact id: '5ae67d2dce9c7cfb20dda14328a1a99f') in 0.015541 seconds 
  Import took 0.020786 seconds .

========================================================================
Received Import Request.
  Time since last request: 718.558505 seconds.
  path: Assets/Plucky/ChikBoy_idle.png
  artifactKey: Guid(bf2e97454517cb94aae6095a0a427c41) Importer(815301076,1909f56bfc062723c751e8b465ee728b)
Start importing Assets/Plucky/ChikBoy_idle.png using Guid(bf2e97454517cb94aae6095a0a427c41) Importer(815301076,1909f56bfc062723c751e8b465ee728b)  -> (artifact id: '401bae81f88f05494731260d80496380') in 0.024351 seconds 
  Import took 0.030020 seconds .

========================================================================
Received Import Request.
  Time since last request: 23.046196 seconds.
  path: Assets/Plucky/ChikBoy_idle.png
  artifactKey: Guid(bf2e97454517cb94aae6095a0a427c41) Importer(815301076,1909f56bfc062723c751e8b465ee728b)
Start importing Assets/Plucky/ChikBoy_idle.png using Guid(bf2e97454517cb94aae6095a0a427c41) Importer(815301076,1909f56bfc062723c751e8b465ee728b)  -> (artifact id: '5d8b34c7846609961d6379464e317273') in 0.025349 seconds 
  Import took 0.032697 seconds .

========================================================================
Received Import Request.
  Time since last request: 321.829451 seconds.
  path: Assets/Plucky/ChikBoy_crouch_idle.png
  artifactKey: Guid(6cacc3cec748d11459714eb2f37cc440) Importer(815301076,1909f56bfc062723c751e8b465ee728b)
Start importing Assets/Plucky/ChikBoy_crouch_idle.png using Guid(6cacc3cec748d11459714eb2f37cc440) Importer(815301076,1909f56bfc062723c751e8b465ee728b)  -> (artifact id: 'a8fda592133f78391c88bf0591f4a4ca') in 0.021665 seconds 
  Import took 0.028170 seconds .

========================================================================
Received Import Request.
  Time since last request: 0.003703 seconds.
  path: Assets/Plucky/ChikBoy_death_2.png
  artifactKey: Guid(b0cf639a3315df242bac864b6301a7e2) Importer(815301076,1909f56bfc062723c751e8b465ee728b)
Start importing Assets/Plucky/ChikBoy_death_2.png using Guid(b0cf639a3315df242bac864b6301a7e2) Importer(815301076,1909f56bfc062723c751e8b465ee728b)  -> (artifact id: '170c29c00f612113d15d0c201ceb33d7') in 0.019552 seconds 
  Import took 0.024525 seconds .

========================================================================
Received Import Request.
  Time since last request: 0.000366 seconds.
  path: Assets/Plucky/ChikBoy_double_jump.png
  artifactKey: Guid(50f359d511e6e104a8593b8aef58404b) Importer(815301076,1909f56bfc062723c751e8b465ee728b)
Start importing Assets/Plucky/ChikBoy_double_jump.png using Guid(50f359d511e6e104a8593b8aef58404b) Importer(815301076,1909f56bfc062723c751e8b465ee728b)  -> (artifact id: '6e85ea83d59d7ded3d8f077d417bb82c') in 0.020199 seconds 
  Import took 0.024860 seconds .

========================================================================
Received Import Request.
  Time since last request: 0.000363 seconds.
  path: Assets/Plucky/ChikBoy_floor_slide.png
  artifactKey: Guid(2ff0e88d91b171540b26dd5997977075) Importer(815301076,1909f56bfc062723c751e8b465ee728b)
Start importing Assets/Plucky/ChikBoy_floor_slide.png using Guid(2ff0e88d91b171540b26dd5997977075) Importer(815301076,1909f56bfc062723c751e8b465ee728b)  -> (artifact id: '157d8248a1d87538c7c5a6aeb30e9d13') in 0.020698 seconds 
  Import took 0.025211 seconds .

========================================================================
Received Import Request.
  Time since last request: 0.000349 seconds.
  path: Assets/Plucky/ChikBoy_idle.png
  artifactKey: Guid(bf2e97454517cb94aae6095a0a427c41) Importer(815301076,1909f56bfc062723c751e8b465ee728b)
Start importing Assets/Plucky/ChikBoy_idle.png using Guid(bf2e97454517cb94aae6095a0a427c41) Importer(815301076,1909f56bfc062723c751e8b465ee728b)  -> (artifact id: 'a8858afe56b7e35efc2e74e179499109') in 0.015119 seconds 
  Import took 0.020467 seconds .

========================================================================
Received Import Request.
  Time since last request: 0.000450 seconds.
  path: Assets/Plucky/ChikBoy_wall_grab.png
  artifactKey: Guid(6d04253cb56c1f146b580599f872238d) Importer(815301076,1909f56bfc062723c751e8b465ee728b)
Start importing Assets/Plucky/ChikBoy_wall_grab.png using Guid(6d04253cb56c1f146b580599f872238d) Importer(815301076,1909f56bfc062723c751e8b465ee728b)  -> (artifact id: '4b24d0b080d336f66ecec873199c22e4') in 0.017496 seconds 
  Import took 0.023901 seconds .

========================================================================
Received Import Request.
  Time since last request: 0.000435 seconds.
  path: Assets/Plucky/ChikBoy_take_damage.png
  artifactKey: Guid(7b2c03c38c98548428ec91aacf9d0a4d) Importer(815301076,1909f56bfc062723c751e8b465ee728b)
Start importing Assets/Plucky/ChikBoy_take_damage.png using Guid(7b2c03c38c98548428ec91aacf9d0a4d) Importer(815301076,1909f56bfc062723c751e8b465ee728b)  -> (artifact id: 'd8823f075b8c0251afd2c1809cb60d1c') in 0.018920 seconds 
  Import took 0.024029 seconds .

========================================================================
Received Import Request.
  Time since last request: 0.000403 seconds.
  path: Assets/Plucky/ChikBoy_run.png
  artifactKey: Guid(04a5419b9d81ae74bb23a6aee84c2fec) Importer(815301076,1909f56bfc062723c751e8b465ee728b)
Start importing Assets/Plucky/ChikBoy_run.png using Guid(04a5419b9d81ae74bb23a6aee84c2fec) Importer(815301076,1909f56bfc062723c751e8b465ee728b)  -> (artifact id: '52f07c41f9d138018fc700f0e05aa380') in 0.017747 seconds 
  Import took 0.022010 seconds .

========================================================================
Received Import Request.
  Time since last request: 0.000361 seconds.
  path: Assets/Plucky/ChikBoy_ducking.png
  artifactKey: Guid(49027a43827537f4eb4b6d01a6770850) Importer(815301076,1909f56bfc062723c751e8b465ee728b)
Start importing Assets/Plucky/ChikBoy_ducking.png using Guid(49027a43827537f4eb4b6d01a6770850) Importer(815301076,1909f56bfc062723c751e8b465ee728b)  -> (artifact id: 'ff236609f38f8d4d417768e19b7586b2') in 0.017681 seconds 
  Import took 0.022311 seconds .

========================================================================
Received Import Request.
  Time since last request: 0.000335 seconds.
  path: Assets/Plucky/ChikBoy_jump.png
  artifactKey: Guid(4b35525d26420dc4586e95f050fa5fb5) Importer(815301076,1909f56bfc062723c751e8b465ee728b)
Start importing Assets/Plucky/ChikBoy_jump.png using Guid(4b35525d26420dc4586e95f050fa5fb5) Importer(815301076,1909f56bfc062723c751e8b465ee728b)  -> (artifact id: '42013dcbe30cbb82587bf07400007fcc') in 0.017133 seconds 
  Import took 0.022343 seconds .

========================================================================
Received Import Request.
  Time since last request: 0.000425 seconds.
  path: Assets/Plucky/ChikBoy_idle_bonus.png
  artifactKey: Guid(f91bd36b1931d5446808578685e17ab2) Importer(815301076,1909f56bfc062723c751e8b465ee728b)
Start importing Assets/Plucky/ChikBoy_idle_bonus.png using Guid(f91bd36b1931d5446808578685e17ab2) Importer(815301076,1909f56bfc062723c751e8b465ee728b)  -> (artifact id: '9359139e016db9546168d289fb68dc17') in 0.021118 seconds 
  Import took 0.026508 seconds .

========================================================================
Received Import Request.
  Time since last request: 0.000406 seconds.
  path: Assets/Plucky/ChikBoy_wall_slide.png
  artifactKey: Guid(2afab8a138e3334469fe6b346abc2ac2) Importer(815301076,1909f56bfc062723c751e8b465ee728b)
Start importing Assets/Plucky/ChikBoy_wall_slide.png using Guid(2afab8a138e3334469fe6b346abc2ac2) Importer(815301076,1909f56bfc062723c751e8b465ee728b)  -> (artifact id: '0f52b8eb4971bdafb42fcfb84e7b53ab') in 0.019503 seconds 
  Import took 0.023496 seconds .

========================================================================
Received Import Request.
  Time since last request: 12.190347 seconds.
  path: Assets/Plucky/ChikBoy_attack_1.png
  artifactKey: Guid(d51cdf1ffebe92441be178b6049e320f) Importer(815301076,1909f56bfc062723c751e8b465ee728b)
Start importing Assets/Plucky/ChikBoy_attack_1.png using Guid(d51cdf1ffebe92441be178b6049e320f) Importer(815301076,1909f56bfc062723c751e8b465ee728b)  -> (artifact id: '257457dde96b0908d12bdcb359d7ef1e') in 0.019256 seconds 
  Import took 0.023734 seconds .

========================================================================
Received Import Request.
  Time since last request: 0.000448 seconds.
  path: Assets/Plucky/ChikBoy_crouch_walk.png
  artifactKey: Guid(c6386786b8b81e348847f35312de430e) Importer(815301076,1909f56bfc062723c751e8b465ee728b)
Start importing Assets/Plucky/ChikBoy_crouch_walk.png using Guid(c6386786b8b81e348847f35312de430e) Importer(815301076,1909f56bfc062723c751e8b465ee728b)  -> (artifact id: '86b214182bc4f8312ca664936612252f') in 0.012553 seconds 
  Import took 0.016483 seconds .

========================================================================
Received Import Request.
  Time since last request: 0.000410 seconds.
  path: Assets/Plucky/ChikBoy_attack_3.png
  artifactKey: Guid(2e77acbfd10b2a64b924a215995dbcd9) Importer(815301076,1909f56bfc062723c751e8b465ee728b)
Start importing Assets/Plucky/ChikBoy_attack_3.png using Guid(2e77acbfd10b2a64b924a215995dbcd9) Importer(815301076,1909f56bfc062723c751e8b465ee728b)  -> (artifact id: 'fde3a851c111b5721f1ff9e9d90be5e4') in 0.016263 seconds 
  Import took 0.022857 seconds .

========================================================================
Received Import Request.
  Time since last request: 0.000409 seconds.
  path: Assets/Plucky/ChikBoy_attack_2.png
  artifactKey: Guid(441ea87bca7729a44a64c3aa54b3410f) Importer(815301076,1909f56bfc062723c751e8b465ee728b)
Start importing Assets/Plucky/ChikBoy_attack_2.png using Guid(441ea87bca7729a44a64c3aa54b3410f) Importer(815301076,1909f56bfc062723c751e8b465ee728b)  -> (artifact id: 'd2600d1f4f1314e7702ece0dc4f5e71d') in 0.012448 seconds 
  Import took 0.018452 seconds .

========================================================================
Received Import Request.
  Time since last request: 0.000376 seconds.
  path: Assets/Plucky/ChikBoy_dash.png
  artifactKey: Guid(b2a13413fec9d4a458a2d65cbaa7f96b) Importer(815301076,1909f56bfc062723c751e8b465ee728b)
Start importing Assets/Plucky/ChikBoy_dash.png using Guid(b2a13413fec9d4a458a2d65cbaa7f96b) Importer(815301076,1909f56bfc062723c751e8b465ee728b)  -> (artifact id: '5ae2836e92f7dc3486f22b7aede5f7c8') in 0.015803 seconds 
  Import took 0.020972 seconds .

========================================================================
Received Import Request.
  Time since last request: 0.000526 seconds.
  path: Assets/Plucky/ChikBoy_death_1.png
  artifactKey: Guid(705393414ba972247aaf7378806c887d) Importer(815301076,1909f56bfc062723c751e8b465ee728b)
Start importing Assets/Plucky/ChikBoy_death_1.png using Guid(705393414ba972247aaf7378806c887d) Importer(815301076,1909f56bfc062723c751e8b465ee728b)  -> (artifact id: 'dfe1e701fd4e921496f18b015034a584') in 0.015393 seconds 
  Import took 0.019911 seconds .

========================================================================
Received Import Request.
  Time since last request: 76.964123 seconds.
  path: Assets/Plucky/ChikBoy_idle.png
  artifactKey: Guid(bf2e97454517cb94aae6095a0a427c41) Importer(815301076,1909f56bfc062723c751e8b465ee728b)
Start importing Assets/Plucky/ChikBoy_idle.png using Guid(bf2e97454517cb94aae6095a0a427c41) Importer(815301076,1909f56bfc062723c751e8b465ee728b)  -> (artifact id: '224aaba0193430f87cace854ca314615') in 0.039816 seconds 
  Import took 0.044196 seconds .

========================================================================
Received Import Request.
  Time since last request: 314.777743 seconds.
  path: Assets/Sprites
  artifactKey: Guid(438aba1b149f1214d8a30fa774592a48) Importer(815301076,1909f56bfc062723c751e8b465ee728b)
Start importing Assets/Sprites using Guid(438aba1b149f1214d8a30fa774592a48) Importer(815301076,1909f56bfc062723c751e8b465ee728b)  -> (artifact id: '4597d6afc9614abbd1161c60df3f42d0') in 0.002643 seconds 
  Import took 0.008529 seconds .

========================================================================
Received Import Request.
  Time since last request: 419.437867 seconds.
  path: Assets/Animations/PluckyIdle.anim
  artifactKey: Guid(d65fabe922ba8464f80bca659eee8dfa) Importer(815301076,1909f56bfc062723c751e8b465ee728b)
Start importing Assets/Animations/PluckyIdle.anim using Guid(d65fabe922ba8464f80bca659eee8dfa) Importer(815301076,1909f56bfc062723c751e8b465ee728b)  -> (artifact id: 'c007c8e4fae82588b06b3944a20de69e') in 0.008076 seconds 
  Import took 0.012496 seconds .

========================================================================
Received Import Request.
  Time since last request: 53.931857 seconds.
  path: Assets/Sprites/Plucky/ChikBoy_run.png
  artifactKey: Guid(04a5419b9d81ae74bb23a6aee84c2fec) Importer(815301076,1909f56bfc062723c751e8b465ee728b)
Start importing Assets/Sprites/Plucky/ChikBoy_run.png using Guid(04a5419b9d81ae74bb23a6aee84c2fec) Importer(815301076,1909f56bfc062723c751e8b465ee728b)  -> (artifact id: '635f1b3cc2de02aac6fb67c6e5be8adc') in 0.024259 seconds 
  Import took 0.029215 seconds .

========================================================================
Received Import Request.
  Time since last request: 14.176603 seconds.
  path: Assets/Sprites/Plucky/ChikBoy_run.png
  artifactKey: Guid(04a5419b9d81ae74bb23a6aee84c2fec) Importer(815301076,1909f56bfc062723c751e8b465ee728b)
Start importing Assets/Sprites/Plucky/ChikBoy_run.png using Guid(04a5419b9d81ae74bb23a6aee84c2fec) Importer(815301076,1909f56bfc062723c751e8b465ee728b)  -> (artifact id: '6fe6eb90eb21b4dcf9a2bb6a4be986bb') in 0.058668 seconds 
  Import took 0.062653 seconds .

========================================================================
Received Import Request.
  Time since last request: 732.056826 seconds.
  path: Assets/Sprites/Plucky/ChikBoy_jump.png
  artifactKey: Guid(4b35525d26420dc4586e95f050fa5fb5) Importer(815301076,1909f56bfc062723c751e8b465ee728b)
Start importing Assets/Sprites/Plucky/ChikBoy_jump.png using Guid(4b35525d26420dc4586e95f050fa5fb5) Importer(815301076,1909f56bfc062723c751e8b465ee728b)  -> (artifact id: 'e60607cc213183f833abb2584a7bfa0a') in 0.018920 seconds 
  Import took 0.025108 seconds .

========================================================================
Received Import Request.
  Time since last request: 13.634318 seconds.
  path: Assets/Sprites/Plucky/ChikBoy_jump.png
  artifactKey: Guid(4b35525d26420dc4586e95f050fa5fb5) Importer(815301076,1909f56bfc062723c751e8b465ee728b)
Start importing Assets/Sprites/Plucky/ChikBoy_jump.png using Guid(4b35525d26420dc4586e95f050fa5fb5) Importer(815301076,1909f56bfc062723c751e8b465ee728b)  -> (artifact id: 'cbc8cc9b43b27f1fde0c310b43710601') in 0.061618 seconds 
  Import took 0.065685 seconds .

AssetImportWorkerClient::OnTransportError - code=2 error=End of file
